pragma directive defines a prior version to 0.7.6. Changing pragma version to 0.7.6....
Traceback (most recent call last):
  File "/bdata2//tools/securify/master/securify2/securify/grammar/attributes/evaluators/evaluator_demand_iterative.py", line 53, in evaluate
    result = super()._execute_rule(rule, arguments)
  File "/bdata2//tools/securify/master/securify2/securify/grammar/attributes/evaluators/evaluator_base.py", line 42, in _execute_rule
    return rule.func(**{name: node for name, node in arguments.items()})
  File "/bdata2//tools/securify/master/securify2/securify/solidity/v_0_5_x/solidity_grammar_core.py", line 2295, in expression_value
    declaration = self.resolve()
  File "/bdata2//tools/securify/master/securify2/securify/solidity/v_0_5_x/solidity_grammar_core.py", line 2287, in resolve
    return self.resolve_reference(self.referenced_declaration)
  File "/bdata2//tools/securify/master/securify2/securify/solidity/v_0_5_x/solidity_grammar_core.py", line 46, in resolve_reference
    return self.root().ast_nodes_by_id().get(node_id, None)
  File "/bdata2//tools/securify/master/securify2/securify/solidity/v_0_5_x/solidity_grammar_core.py", line 161, in ast_nodes_by_id
    return {d.id: d for d in self.descendants() if d is not None}
  File "/bdata2//tools/securify/master/securify2/securify/solidity/v_0_5_x/solidity_grammar_core.py", line 161, in <dictcomp>
    return {d.id: d for d in self.descendants() if d is not None}
  File "/bdata2//tools/securify/master/securify2/securify/grammar/__init__.py", line 313, in descendants
    yield from ProductionOps.descendants(child)
  File "/bdata2//tools/securify/master/securify2/securify/grammar/__init__.py", line 313, in descendants
    yield from ProductionOps.descendants(child)
  File "/bdata2//tools/securify/master/securify2/securify/grammar/__init__.py", line 309, in descendants
    for child in ProductionOps.children(self):
  File "/bdata2//tools/securify/master/securify2/securify/grammar/__init__.py", line 300, in children
    child = getattr(self, name)
AttributeError: 'VariableDeclaration__AllAttrsMixin' object has no attribute 'value'

The above exception was the direct cause of the following exception:

Traceback (most recent call last):
  File "__main__.py", line 286, in <module>
    main()
  File "__main__.py", line 277, in main
    matches.extend(pattern.find_matches())
  File "/bdata2//tools/securify/master/securify2/securify/analyses/patterns/static/static_analysis_patterns.py", line 73, in find_matches
    static = analysis_context.static_analysis
  File "/bdata2//tools/securify/master/securify2/securify/analyses/analysis.py", line 88, in static_analysis
    self._static = self.config.static_analysis(self)
  File "__main__.py", line 255, in <lambda>
    static_analysis=lambda t: static_analysis.analyze_cfg(t.cfg, **souffle_config),
  File "/bdata2//tools/securify/master/securify2/securify/analyses/analysis.py", line 81, in cfg
    self._cfg = self.config.cfg_compiler(self)
  File "__main__.py", line 254, in <lambda>
    cfg_compiler=lambda t: solidity_cfg_compiler.compile_cfg(t.ast).cfg,
  File "/bdata2//tools/securify/master/securify2/securify/solidity/solidity_cfg_compiler.py", line 88, in compile_cfg
    cfg = ast_attr.cfg
  File "/bdata2//tools/securify/master/securify2/securify/grammar/attributes/evaluators/evaluator_demand_base.py", line 84, in __get__
    return self.__evaluator.evaluate(instance, self.__name)
  File "/bdata2//tools/securify/master/securify2/securify/grammar/attributes/evaluators/evaluator_demand_iterative.py", line 57, in evaluate
    f"Rule trace: {self.__rule_trace(dependency_path)}") from e
securify.grammar.attributes.AttributeGrammarError: Error during evaluation of rule 'expression_value'. 
Rule trace: 
	SynthesizeRule cfg (File "/bdata2//tools/securify/master/securify2/securify/solidity/v_0_5_x/solidity_grammar_core.py", line 199)
	SynthesizeRule cfg (File "/bdata2//tools/securify/master/securify2/securify/solidity/v_0_5_x/solidity_grammar_core.py", line 272)
	PushdownRule next_cfgs_unlinked (ImplicitPushdown)
	PushdownRule next_cfgs_unlinked (ImplicitPushdown)
	PushdownRule next_cfgs_unlinked (ImplicitPushdown)
	PushdownRule push_cfgs (File "/bdata2//tools/securify/master/securify2/securify/solidity/v_0_5_x/solidity_grammar_core.py", line 163)
	SynthesizeRule contract_cfg_unlinked (File "/bdata2//tools/securify/master/securify2/securify/solidity/v_0_5_x/solidity_grammar_core.py", line 258)
	SynthesizeRule cfg (File "/bdata2//tools/securify/master/securify2/securify/solidity/v_0_5_x/solidity_grammar_core.py", line 529)
	SynthesizeRule cfg_unmodified (File "/bdata2//tools/securify/master/securify2/securify/solidity/v_0_5_x/solidity_grammar_core.py", line 507)
	SynthesizeRule cfg_body (File "/bdata2//tools/securify/master/securify2/securify/solidity/v_0_5_x/solidity_grammar_core.py", line 500)
	SynthesizeRule cfg (File "/bdata2//tools/securify/master/securify2/securify/solidity/v_0_5_x/solidity_grammar_core.py", line 869)
	SynthesizeRule cfg (File "/bdata2//tools/securify/master/securify2/securify/solidity/v_0_5_x/solidity_grammar_core.py", line 1520)
	SynthesizeRule cfg (File "/bdata2//tools/securify/master/securify2/securify/solidity/v_0_5_x/solidity_grammar_core.py", line 2013)
	SynthesizeRule call_type (File "/bdata2//tools/securify/master/securify2/securify/solidity/v_0_5_x/solidity_grammar_core.py", line 1971)
	SynthesizeRule expression_value (File "/bdata2//tools/securify/master/securify2/securify/solidity/v_0_5_x/solidity_grammar_core.py", line 2293)
