Traceback (most recent call last):
  File "/bdata2//tools/securify/master/securify2/securify/grammar/attributes/evaluators/evaluator_demand_iterative.py", line 53, in evaluate
    result = super()._execute_rule(rule, arguments)
  File "/bdata2//tools/securify/master/securify2/securify/grammar/attributes/evaluators/evaluator_base.py", line 42, in _execute_rule
    return rule.func(**{name: node for name, node in arguments.items()})
  File "/bdata2//tools/securify/master/securify2/securify/solidity/v_0_5_x/solidity_grammar_core.py", line 1690, in assignments
    assert len(lhs_flattened) == len(rhs_flattened)
AssertionError

The above exception was the direct cause of the following exception:

Traceback (most recent call last):
  File "__main__.py", line 286, in <module>
    main()
  File "__main__.py", line 277, in main
    matches.extend(pattern.find_matches())
  File "/bdata2//tools/securify/master/securify2/securify/analyses/patterns/ir/base_interface_signatures_pattern.py", line 18, in find_matches
    for contract in self.get_cfg().contracts:
  File "/bdata2//tools/securify/master/securify2/securify/analyses/patterns/ir/abstract_ir_pattern.py", line 10, in get_cfg
    cfg = self.analysis_context.cfg
  File "/bdata2//tools/securify/master/securify2/securify/analyses/analysis.py", line 81, in cfg
    self._cfg = self.config.cfg_compiler(self)
  File "__main__.py", line 254, in <lambda>
    cfg_compiler=lambda t: solidity_cfg_compiler.compile_cfg(t.ast).cfg,
  File "/bdata2//tools/securify/master/securify2/securify/solidity/solidity_cfg_compiler.py", line 88, in compile_cfg
    cfg = ast_attr.cfg
  File "/bdata2//tools/securify/master/securify2/securify/grammar/attributes/evaluators/evaluator_demand_base.py", line 84, in __get__
    return self.__evaluator.evaluate(instance, self.__name)
  File "/bdata2//tools/securify/master/securify2/securify/grammar/attributes/evaluators/evaluator_demand_iterative.py", line 57, in evaluate
    f"Rule trace: {self.__rule_trace(dependency_path)}") from e
securify.grammar.attributes.AttributeGrammarError: Error during evaluation of rule 'assignments'. 
Rule trace: 
	SynthesizeRule cfg (File "/bdata2//tools/securify/master/securify2/securify/solidity/v_0_5_x/solidity_grammar_core.py", line 199)
	SynthesizeRule cfg (File "/bdata2//tools/securify/master/securify2/securify/solidity/v_0_5_x/solidity_grammar_core.py", line 272)
	SynthesizeRule cfg_constructor (File "/bdata2//tools/securify/master/securify2/securify/solidity/v_0_5_x/solidity_rules_constructors.py", line 154)
	SynthesizeRule cfg_constructor_chain (File "/bdata2//tools/securify/master/securify2/securify/solidity/v_0_5_x/solidity_rules_constructors.py", line 71)
	SynthesizeRule cfg (File "/bdata2//tools/securify/master/securify2/securify/solidity/v_0_5_x/solidity_grammar_core.py", line 529)
	SynthesizeRule cfg_unmodified (File "/bdata2//tools/securify/master/securify2/securify/solidity/v_0_5_x/solidity_grammar_core.py", line 507)
	SynthesizeRule cfg_body (File "/bdata2//tools/securify/master/securify2/securify/solidity/v_0_5_x/solidity_grammar_core.py", line 500)
	SynthesizeRule implicit_return (File "/bdata2//tools/securify/master/securify2/securify/solidity/v_0_5_x/solidity_grammar_core.py", line 481)
	SynthesizeRule variables_post (File "/bdata2//tools/securify/master/securify2/securify/solidity/v_0_5_x/solidity_grammar_core.py", line 831)
	SynthesizeRule variables_post (File "/bdata2//tools/securify/master/securify2/securify/solidity/v_0_5_x/solidity_grammar_core.py", line 73)
	PushdownRule variables_map_step (File "/bdata2//tools/securify/master/securify2/securify/solidity/v_0_5_x/solidity_grammar_core.py", line 827)
	SynthesizeRule variables_post (File "/bdata2//tools/securify/master/securify2/securify/solidity/v_0_5_x/solidity_grammar_core.py", line 1525)
	SynthesizeRule variables_post (File "/bdata2//tools/securify/master/securify2/securify/solidity/v_0_5_x/solidity_grammar_core.py", line 1643)
	SynthesizeRule assignments_local (File "/bdata2//tools/securify/master/securify2/securify/solidity/v_0_5_x/solidity_grammar_core.py", line 1698)
	SynthesizeRule assignments (File "/bdata2//tools/securify/master/securify2/securify/solidity/v_0_5_x/solidity_grammar_core.py", line 1670)
	SynthesizeRule assignment_generator (File "/bdata2//tools/securify/master/securify2/securify/solidity/v_0_5_x/solidity_grammar_core.py", line 2346)
	SynthesizeRule is_local (File "/bdata2//tools/securify/master/securify2/securify/solidity/v_0_5_x/solidity_grammar_core.py", line 2289)
	PushdownRule variables_pre (File "/bdata2//tools/securify/master/securify2/securify/solidity/v_0_5_x/solidity_grammar_core.py", line 76)
	PushdownRule variables_pre (File "/bdata2//tools/securify/master/securify2/securify/solidity/v_0_5_x/solidity_grammar_core.py", line 76)
	PushdownRule variables_map_step (File "/bdata2//tools/securify/master/securify2/securify/solidity/v_0_5_x/solidity_grammar_core.py", line 827)
	SynthesizeRule variables_post (File "/bdata2//tools/securify/master/securify2/securify/solidity/v_0_5_x/solidity_grammar_core.py", line 1525)
	SynthesizeRule variables_post (File "/bdata2//tools/securify/master/securify2/securify/solidity/v_0_5_x/solidity_grammar_core.py", line 73)
	PushdownRule variables_pre (File "/bdata2//tools/securify/master/securify2/securify/solidity/v_0_5_x/solidity_grammar_core.py", line 76)
	PushdownRule variables_map_step (File "/bdata2//tools/securify/master/securify2/securify/solidity/v_0_5_x/solidity_grammar_core.py", line 827)
	SynthesizeRule variables_post (File "/bdata2//tools/securify/master/securify2/securify/solidity/v_0_5_x/solidity_grammar_core.py", line 1525)
	SynthesizeRule variables_post (File "/bdata2//tools/securify/master/securify2/securify/solidity/v_0_5_x/solidity_grammar_core.py", line 1643)
	SynthesizeRule assignments_local (File "/bdata2//tools/securify/master/securify2/securify/solidity/v_0_5_x/solidity_grammar_core.py", line 1698)
	SynthesizeRule assignments (File "/bdata2//tools/securify/master/securify2/securify/solidity/v_0_5_x/solidity_grammar_core.py", line 1670)
